<?xml version="1.0" encoding="UTF-8"?>
<!-- Generated by org.testng.reporters.JUnitXMLReporter -->
<testsuite ignored="0" hostname="DESKTOP-8B3DF1Q" failures="0" tests="1" name="Test-Linux" time="8.784" errors="0" timestamp="2025-04-05T20:55:08 IST">
  <testcase classname="testCases.TC002_LoginTest" name="verify_login" time="2.438"/>
</testsuite> <!-- Test-Linux -->
