<?xml version="1.0" encoding="UTF-8"?>
<!-- Generated by org.testng.reporters.JUnitReportReporter -->
<testsuite hostname="DESKTOP-8B3DF1Q" failures="0" tests="2" name="testCases.TC002_LoginTest" time="4.208" errors="0" timestamp="2025-04-05T20:55:09 IST" skipped="0">
  <testcase classname="testCases.TC002_LoginTest" name="verify_login" time="1.770"/>
  <testcase classname="testCases.TC002_LoginTest" name="verify_login" time="2.438"/>
</testsuite> <!-- testCases.TC002_LoginTest -->
